
SQL*Loader: Release 11.2.0.2.0 - Production on Fri Mar 18 06:44:06 2022

Copyright (c) 1982, 2009, Oracle and/or its affiliates.  All rights reserved.

Control File:   control/athlete.ctl
Data File:      ./data/athletes.csv
  Bad File:     ./logs/athlete.bad
  Discard File:  none specified
 
 (Allow all discards)

Number to load: ALL
Number to skip: 0
Errors allowed: 50
Bind array:     64 rows, maximum of 256000 bytes
Continuation:    none specified
Path used:      Conventional

Table ATHLETE, loaded from every logical record.
Insert option in effect for this table: INSERT

   Column Name                  Position   Len  Term Encl Datatype
------------------------------ ---------- ----- ---- ---- ---------------------
USER_ID                             FIRST     *   ,  O(") CHARACTER            
FIRST_NAME                           NEXT     *   ,  O(") CHARACTER            
LAST_NAME                            NEXT     *   ,  O(") CHARACTER            
USERNAME                             NEXT     *   ,  O(") CHARACTER            
PASSWORD_HASH                        NEXT     *   ,  O(") CHARACTER            
FOOTBALL_SELECT                      NEXT     *   ,  O(") CHARACTER            
GOLF_SELECT                          NEXT     *   ,  O(") CHARACTER            
BASKETBALL_SELECT                    NEXT     *   ,  O(") CHARACTER            
SOCCER_SELECT                        NEXT     *   ,  O(") CHARACTER            
OTHER_SELECT                         NEXT     *   ,  O(") CHARACTER            


Table ATHLETE:
  200 Rows successfully loaded.
  0 Rows not loaded due to data errors.
  0 Rows not loaded because all WHEN clauses were failed.
  0 Rows not loaded because all fields were null.


Space allocated for bind array:                 165120 bytes(64 rows)
Read   buffer bytes: 1048576

Total logical records skipped:          0
Total logical records read:           200
Total logical records rejected:         0
Total logical records discarded:        0

Run began on Fri Mar 18 06:44:06 2022
Run ended on Fri Mar 18 06:44:06 2022

Elapsed time was:     00:00:00.03
CPU time was:         00:00:00.00
